<?xml version="1.0" encoding="UTF-8"?>
<testsuite name="com.odde.OrdersWriterTest" tests="1" skipped="0" failures="0" errors="0" timestamp="2019-11-05T17:48:36" hostname="Masouds-PC" time="0.013">
  <properties/>
  <testcase name="TwoOrders" classname="com.odde.OrdersWriterTest" time="0.013"/>
  <system-out><![CDATA[]]></system-out>
  <system-err><![CDATA[]]></system-err>
</testsuite>
